<?xml version="1.0" encoding="UTF-8"?>
<!-- Generated by org.testng.reporters.JUnitXMLReporter -->
<testsuite hostname="sr-PC" ignored="0" name="DepartmentLogin" tests="1" failures="1" timestamp="2022-03-08T23:45:20 IST" time="9.941" errors="0">
  <testcase name="department" time="0.0" classname="Epic.testcases.Department">
    <failure type="org.testng.TestNGException" message="
Method department requires 4 parameters but 3 were supplied in the @Test annotation.">
      <![CDATA[org.testng.TestNGException: 
Method department requires 4 parameters but 3 were supplied in the @Test annotation.
at java.util.ArrayList.forEach(ArrayList.java:1259)
... Removed 26 stack frames]]>
    </failure>
  </testcase> <!-- department -->
</testsuite> <!-- DepartmentLogin -->
