<?xml version="1.0" encoding="UTF-8"?>
<testng-results skipped="0" failed="0" ignored="0" total="1" passed="1">
  <reporter-output>
  </reporter-output>
  <suite name="Epiclogin" duration-ms="8300" started-at="2022-03-22T20:17:53 IST" finished-at="2022-03-22T20:18:01 IST">
    <groups>
    </groups>
    <test name="EpicLoginTest" duration-ms="8300" started-at="2022-03-22T20:17:53 IST" finished-at="2022-03-22T20:18:01 IST">
      <class name="Epic.testcases.EpicLoginTest">
        <test-method status="PASS" signature="launchApp()[pri:0, instance:Epic.testcases.EpicLoginTest@149494d8]" name="launchApp" is-config="true" duration-ms="25500" started-at="2022-03-22T20:17:27 IST" finished-at="2022-03-22T20:17:53 IST">
          <reporter-output>
          </reporter-output>
        </test-method> <!-- launchApp -->
        <test-method status="PASS" signature="login(java.lang.String,java.lang.String,java.lang.String)[pri:0, instance:Epic.testcases.EpicLoginTest@149494d8]" name="login" duration-ms="8211" started-at="2022-03-22T20:17:53 IST" finished-at="2022-03-22T20:18:01 IST">
          <params>
            <param index="0">
              <value>
                <![CDATA[cpl02]]>
              </value>
            </param>
            <param index="1">
              <value>
                <![CDATA[varsha]]>
              </value>
            </param>
            <param index="2">
              <value>
                <![CDATA[varsha789]]>
              </value>
            </param>
          </params>
          <reporter-output>
          </reporter-output>
        </test-method> <!-- login -->
        <test-method status="PASS" signature="closeApp()[pri:0, instance:Epic.testcases.EpicLoginTest@149494d8]" name="closeApp" is-config="true" duration-ms="422" started-at="2022-03-22T20:18:01 IST" finished-at="2022-03-22T20:18:02 IST">
          <reporter-output>
          </reporter-output>
        </test-method> <!-- closeApp -->
      </class> <!-- Epic.testcases.EpicLoginTest -->
    </test> <!-- EpicLoginTest -->
  </suite> <!-- Epiclogin -->
</testng-results>
